<?xml version="1.0" encoding="UTF-8"?>
<!-- Generated by org.testng.reporters.JUnitReportReporter -->
<testsuite hostname="prachidhanotiya" failures="0" tests="4" name="com.crm.qa.testcases.HomePageTest" time="94.359" errors="0" timestamp="2022-10-16T22:43:28 IST" skipped="0">
  <testcase classname="com.crm.qa.testcases.HomePageTest" name="verifyHomePageTitleTest" time="20.559"/>
  <system-out/>
  <testcase classname="com.crm.qa.testcases.HomePageTest" name="homePageLogoTest" time="26.018"/>
  <system-out/>
  <testcase classname="com.crm.qa.testcases.HomePageTest" name="verifyUserNameTest" time="28.984"/>
  <system-out/>
  <testcase classname="com.crm.qa.testcases.HomePageTest" name="verifyContactsLinkTest" time="18.798"/>
  <system-out/>
</testsuite> <!-- com.crm.qa.testcases.HomePageTest -->
