<?xml version="1.0" encoding="UTF-8"?>
<!-- Generated by org.testng.reporters.JUnitReportReporter -->
<testsuite hostname="prachidhanotiya" failures="0" tests="2" name="com.crm.qa.testcases.LoginPageTest" time="47.228" errors="0" timestamp="2022-10-16T22:43:28 IST" skipped="0">
  <testcase classname="com.crm.qa.testcases.LoginPageTest" name="loginPageTitleTest" time="7.482"/>
  <system-out/>
  <testcase classname="com.crm.qa.testcases.LoginPageTest" name="loginTest" time="39.746"/>
  <system-out/>
</testsuite> <!-- com.crm.qa.testcases.LoginPageTest -->
